{
  "stats": {
    "suites": 4,
    "tests": 33,
    "passes": 33,
    "pending": 0,
    "failures": 0,
    "testsRegistered": 33,
    "passPercent": 100,
    "pendingPercent": 0,
    "other": 0,
    "hasOther": false,
    "skipped": 0,
    "hasSkipped": false,
    "start": "2026-03-03T07:44:20.352Z",
    "end": "2026-03-03T07:45:33.139Z",
    "duration": 72787
  },
  "results": [
    {
      "uuid": "de9ed5e9-41d4-4704-bf35-43e20b7d3106",
      "title": "",
      "fullFile": "cypress\\e2e\\login.cy.js",
      "file": "cypress\\e2e\\login.cy.js",
      "beforeHooks": [],
      "afterHooks": [],
      "tests": [],
      "suites": [
        {
          "uuid": "da786944-57f7-4060-9b18-524160b33103",
          "title": "Module Authentification",
          "fullFile": "",
          "file": "",
          "beforeHooks": [],
          "afterHooks": [],
          "tests": [
            {
              "title": "TC_LOGIN_001 - La page de login doit se charger",
              "fullTitle": "Module Authentification TC_LOGIN_001 - La page de login doit se charger",
              "timedOut": null,
              "duration": 1330,
              "state": "passed",
              "speed": "fast",
              "pass": true,
              "fail": false,
              "pending": false,
              "context": null,
              "code": "",
              "err": {},
              "uuid": "2120c2f6-c984-482a-9f46-d47f8ec21596",
              "parentUUID": "da786944-57f7-4060-9b18-524160b33103",
              "isHook": false,
              "skipped": false
            },
            {
              "title": "TC_LOGIN_002 - Tous les éléments doivent être présents",
              "fullTitle": "Module Authentification TC_LOGIN_002 - Tous les éléments doivent être présents",
              "timedOut": null,
              "duration": 403,
              "state": "passed",
              "speed": "fast",
              "pass": true,
              "fail": false,
              "pending": false,
              "context": null,
              "code": "",
              "err": {},
              "uuid": "21cb7082-a57e-4abe-9097-da4e9fcea41b",
              "parentUUID": "da786944-57f7-4060-9b18-524160b33103",
              "isHook": false,
              "skipped": false
            },
            {
              "title": "TC_LOGIN_003 - Connexion avec identifiants valides (admin)",
              "fullTitle": "Module Authentification TC_LOGIN_003 - Connexion avec identifiants valides (admin)",
              "timedOut": null,
              "duration": 2526,
              "state": "passed",
              "speed": "fast",
              "pass": true,
              "fail": false,
              "pending": false,
              "context": null,
              "code": "",
              "err": {},
              "uuid": "824f73df-2bdc-463b-90c8-84ad3a078a02",
              "parentUUID": "da786944-57f7-4060-9b18-524160b33103",
              "isHook": false,
              "skipped": false
            },
            {
              "title": "TC_LOGIN_004 - Déconnexion",
              "fullTitle": "Module Authentification TC_LOGIN_004 - Déconnexion",
              "timedOut": null,
              "duration": 2211,
              "state": "passed",
              "speed": "fast",
              "pass": true,
              "fail": false,
              "pending": false,
              "context": null,
              "code": "",
              "err": {},
              "uuid": "8cff47bd-5e1f-45ec-9ce7-cf1fc3592546",
              "parentUUID": "da786944-57f7-4060-9b18-524160b33103",
              "isHook": false,
              "skipped": false
            },
            {
              "title": "TC_LOGIN_005 - Connexion avec identifiants utilisateur normal",
              "fullTitle": "Module Authentification TC_LOGIN_005 - Connexion avec identifiants utilisateur normal",
              "timedOut": null,
              "duration": 1761,
              "state": "passed",
              "speed": "fast",
              "pass": true,
              "fail": false,
              "pending": false,
              "context": null,
              "code": "",
              "err": {},
              "uuid": "1366ea2f-5187-401b-8505-cd2d90b40545",
              "parentUUID": "da786944-57f7-4060-9b18-524160b33103",
              "isHook": false,
              "skipped": false
            }
          ],
          "suites": [],
          "passes": [
            "2120c2f6-c984-482a-9f46-d47f8ec21596",
            "21cb7082-a57e-4abe-9097-da4e9fcea41b",
            "824f73df-2bdc-463b-90c8-84ad3a078a02",
            "8cff47bd-5e1f-45ec-9ce7-cf1fc3592546",
            "1366ea2f-5187-401b-8505-cd2d90b40545"
          ],
          "failures": [],
          "pending": [],
          "skipped": [],
          "duration": 8231,
          "root": false,
          "rootEmpty": false,
          "_timeout": 2000
        },
        {
          "uuid": "bd37e542-316f-4f56-8fd3-cdc3635bf458",
          "title": "Module Authentification",
          "fullFile": "",
          "file": "",
          "beforeHooks": [],
          "afterHooks": [],
          "tests": [
            {
              "title": "TC_LOGIN_001 - La page de login doit se charger",
              "fullTitle": "Module Authentification TC_LOGIN_001 - La page de login doit se charger",
              "timedOut": null,
              "duration": 340,
              "state": "passed",
              "speed": "fast",
              "pass": true,
              "fail": false,
              "pending": false,
              "context": null,
              "code": "",
              "err": {},
              "uuid": "f53cf5cc-b222-466a-8c71-c61332d34d8a",
              "parentUUID": "bd37e542-316f-4f56-8fd3-cdc3635bf458",
              "isHook": false,
              "skipped": false
            },
            {
              "title": "TC_LOGIN_002 - Tous les éléments doivent être présents",
              "fullTitle": "Module Authentification TC_LOGIN_002 - Tous les éléments doivent être présents",
              "timedOut": null,
              "duration": 384,
              "state": "passed",
              "speed": "fast",
              "pass": true,
              "fail": false,
              "pending": false,
              "context": null,
              "code": "",
              "err": {},
              "uuid": "c6fe0970-34be-41f3-842d-afd6bf43cd2b",
              "parentUUID": "bd37e542-316f-4f56-8fd3-cdc3635bf458",
              "isHook": false,
              "skipped": false
            },
            {
              "title": "TC_LOGIN_003 - Connexion avec identifiants valides (admin)",
              "fullTitle": "Module Authentification TC_LOGIN_003 - Connexion avec identifiants valides (admin)",
              "timedOut": null,
              "duration": 1809,
              "state": "passed",
              "speed": "fast",
              "pass": true,
              "fail": false,
              "pending": false,
              "context": null,
              "code": "",
              "err": {},
              "uuid": "5e413833-ce2f-4823-9530-3697dbd5574e",
              "parentUUID": "bd37e542-316f-4f56-8fd3-cdc3635bf458",
              "isHook": false,
              "skipped": false
            },
            {
              "title": "TC_LOGIN_004 - Déconnexion",
              "fullTitle": "Module Authentification TC_LOGIN_004 - Déconnexion",
              "timedOut": null,
              "duration": 2369,
              "state": "passed",
              "speed": "fast",
              "pass": true,
              "fail": false,
              "pending": false,
              "context": null,
              "code": "",
              "err": {},
              "uuid": "20d8d969-d94e-4289-b688-5ff4dd30158b",
              "parentUUID": "bd37e542-316f-4f56-8fd3-cdc3635bf458",
              "isHook": false,
              "skipped": false
            },
            {
              "title": "TC_LOGIN_005 - Connexion avec identifiants utilisateur normal",
              "fullTitle": "Module Authentification TC_LOGIN_005 - Connexion avec identifiants utilisateur normal",
              "timedOut": null,
              "duration": 1764,
              "state": "passed",
              "speed": "fast",
              "pass": true,
              "fail": false,
              "pending": false,
              "context": null,
              "code": "",
              "err": {},
              "uuid": "6fa44ad7-a94b-4351-a45a-1bf5a6a76b82",
              "parentUUID": "bd37e542-316f-4f56-8fd3-cdc3635bf458",
              "isHook": false,
              "skipped": false
            }
          ],
          "suites": [],
          "passes": [
            "f53cf5cc-b222-466a-8c71-c61332d34d8a",
            "c6fe0970-34be-41f3-842d-afd6bf43cd2b",
            "5e413833-ce2f-4823-9530-3697dbd5574e",
            "20d8d969-d94e-4289-b688-5ff4dd30158b",
            "6fa44ad7-a94b-4351-a45a-1bf5a6a76b82"
          ],
          "failures": [],
          "pending": [],
          "skipped": [],
          "duration": 6666,
          "root": false,
          "rootEmpty": false,
          "_timeout": 2000
        }
      ],
      "passes": [],
      "failures": [],
      "pending": [],
      "skipped": [],
      "duration": 0,
      "root": true,
      "rootEmpty": true,
      "_timeout": 2000
    },
    {
      "uuid": "e3c157fe-509d-4aaa-b7f3-7b9ff9f6761f",
      "title": "",
      "fullFile": "cypress\\e2e\\product-crud.cy.js",
      "file": "cypress\\e2e\\product-crud.cy.js",
      "beforeHooks": [],
      "afterHooks": [],
      "tests": [],
      "suites": [
        {
          "uuid": "3ede34a4-a96c-4543-9a50-f4872bd43675",
          "title": "Module Authentification",
          "fullFile": "",
          "file": "",
          "beforeHooks": [],
          "afterHooks": [],
          "tests": [
            {
              "title": "TC_LOGIN_001 - La page de login doit se charger",
              "fullTitle": "Module Authentification TC_LOGIN_001 - La page de login doit se charger",
              "timedOut": null,
              "duration": 877,
              "state": "passed",
              "speed": "fast",
              "pass": true,
              "fail": false,
              "pending": false,
              "context": null,
              "code": "",
              "err": {},
              "uuid": "9017a11e-169e-4f40-a5c1-a5e94e4ba8ea",
              "parentUUID": "3ede34a4-a96c-4543-9a50-f4872bd43675",
              "isHook": false,
              "skipped": false
            },
            {
              "title": "TC_LOGIN_002 - Tous les éléments doivent être présents",
              "fullTitle": "Module Authentification TC_LOGIN_002 - Tous les éléments doivent être présents",
              "timedOut": null,
              "duration": 441,
              "state": "passed",
              "speed": "fast",
              "pass": true,
              "fail": false,
              "pending": false,
              "context": null,
              "code": "",
              "err": {},
              "uuid": "05f2e73e-2e7b-4b5d-b538-6f5accf256c2",
              "parentUUID": "3ede34a4-a96c-4543-9a50-f4872bd43675",
              "isHook": false,
              "skipped": false
            },
            {
              "title": "TC_LOGIN_003 - Connexion avec identifiants valides (admin)",
              "fullTitle": "Module Authentification TC_LOGIN_003 - Connexion avec identifiants valides (admin)",
              "timedOut": null,
              "duration": 2334,
              "state": "passed",
              "speed": "fast",
              "pass": true,
              "fail": false,
              "pending": false,
              "context": null,
              "code": "",
              "err": {},
              "uuid": "c460db4f-1c2d-4635-b077-1683e5e54d4a",
              "parentUUID": "3ede34a4-a96c-4543-9a50-f4872bd43675",
              "isHook": false,
              "skipped": false
            },
            {
              "title": "TC_LOGIN_004 - Déconnexion",
              "fullTitle": "Module Authentification TC_LOGIN_004 - Déconnexion",
              "timedOut": null,
              "duration": 2280,
              "state": "passed",
              "speed": "fast",
              "pass": true,
              "fail": false,
              "pending": false,
              "context": null,
              "code": "",
              "err": {},
              "uuid": "cd038044-aa87-4c83-b2ca-093332cf707f",
              "parentUUID": "3ede34a4-a96c-4543-9a50-f4872bd43675",
              "isHook": false,
              "skipped": false
            },
            {
              "title": "TC_LOGIN_005 - Connexion avec identifiants utilisateur normal",
              "fullTitle": "Module Authentification TC_LOGIN_005 - Connexion avec identifiants utilisateur normal",
              "timedOut": null,
              "duration": 1787,
              "state": "passed",
              "speed": "fast",
              "pass": true,
              "fail": false,
              "pending": false,
              "context": null,
              "code": "",
              "err": {},
              "uuid": "0982d5bd-4753-42ea-b8f4-f03621c7922d",
              "parentUUID": "3ede34a4-a96c-4543-9a50-f4872bd43675",
              "isHook": false,
              "skipped": false
            }
          ],
          "suites": [],
          "passes": [
            "9017a11e-169e-4f40-a5c1-a5e94e4ba8ea",
            "05f2e73e-2e7b-4b5d-b538-6f5accf256c2",
            "c460db4f-1c2d-4635-b077-1683e5e54d4a",
            "cd038044-aa87-4c83-b2ca-093332cf707f",
            "0982d5bd-4753-42ea-b8f4-f03621c7922d"
          ],
          "failures": [],
          "pending": [],
          "skipped": [],
          "duration": 7719,
          "root": false,
          "rootEmpty": false,
          "_timeout": 2000
        },
        {
          "uuid": "5353e33c-fb20-4f89-b585-b11d9738a914",
          "title": "Module Gestion Produits",
          "fullFile": "",
          "file": "",
          "beforeHooks": [],
          "afterHooks": [],
          "tests": [
            {
              "title": "TC_PRODUCT_001 - Créer un nouveau produit",
              "fullTitle": "Module Gestion Produits TC_PRODUCT_001 - Créer un nouveau produit",
              "timedOut": null,
              "duration": 7225,
              "state": "passed",
              "speed": "medium",
              "pass": true,
              "fail": false,
              "pending": false,
              "context": null,
              "code": "",
              "err": {},
              "uuid": "01c844d5-1782-44d2-a5c4-c094742ca46b",
              "parentUUID": "5353e33c-fb20-4f89-b585-b11d9738a914",
              "isHook": false,
              "skipped": false
            },
            {
              "title": "TC_PRODUCT_002 - Pagination",
              "fullTitle": "Module Gestion Produits TC_PRODUCT_002 - Pagination",
              "timedOut": null,
              "duration": 2891,
              "state": "passed",
              "speed": "fast",
              "pass": true,
              "fail": false,
              "pending": false,
              "context": null,
              "code": "",
              "err": {},
              "uuid": "063654c8-9bc6-46b6-8f2a-5d8bbbebcca8",
              "parentUUID": "5353e33c-fb20-4f89-b585-b11d9738a914",
              "isHook": false,
              "skipped": false
            }
          ],
          "suites": [],
          "passes": [
            "01c844d5-1782-44d2-a5c4-c094742ca46b",
            "063654c8-9bc6-46b6-8f2a-5d8bbbebcca8"
          ],
          "failures": [],
          "pending": [],
          "skipped": [],
          "duration": 10116,
          "root": false,
          "rootEmpty": false,
          "_timeout": 2000
        }
      ],
      "passes": [],
      "failures": [],
      "pending": [],
      "skipped": [],
      "duration": 0,
      "root": true,
      "rootEmpty": true,
      "_timeout": 2000
    },
    {
      "uuid": "a601a20c-f39d-4b5c-889f-9b25a28065bf",
      "title": "",
      "fullFile": "cypress\\e2e\\stock-management.cy.js",
      "file": "cypress\\e2e\\stock-management.cy.js",
      "beforeHooks": [],
      "afterHooks": [],
      "tests": [],
      "suites": [
        {
          "uuid": "545b600d-17c1-4041-99be-2241b4dd7d12",
          "title": "Module Authentification",
          "fullFile": "",
          "file": "",
          "beforeHooks": [],
          "afterHooks": [],
          "tests": [
            {
              "title": "TC_LOGIN_001 - La page de login doit se charger",
              "fullTitle": "Module Authentification TC_LOGIN_001 - La page de login doit se charger",
              "timedOut": null,
              "duration": 860,
              "state": "passed",
              "speed": "fast",
              "pass": true,
              "fail": false,
              "pending": false,
              "context": null,
              "code": "",
              "err": {},
              "uuid": "4f0d0493-bd29-48d6-98ea-472b985b25a7",
              "parentUUID": "545b600d-17c1-4041-99be-2241b4dd7d12",
              "isHook": false,
              "skipped": false
            },
            {
              "title": "TC_LOGIN_002 - Tous les éléments doivent être présents",
              "fullTitle": "Module Authentification TC_LOGIN_002 - Tous les éléments doivent être présents",
              "timedOut": null,
              "duration": 364,
              "state": "passed",
              "speed": "fast",
              "pass": true,
              "fail": false,
              "pending": false,
              "context": null,
              "code": "",
              "err": {},
              "uuid": "4084f556-112f-41f3-8fa8-5452cadeafe6",
              "parentUUID": "545b600d-17c1-4041-99be-2241b4dd7d12",
              "isHook": false,
              "skipped": false
            },
            {
              "title": "TC_LOGIN_003 - Connexion avec identifiants valides (admin)",
              "fullTitle": "Module Authentification TC_LOGIN_003 - Connexion avec identifiants valides (admin)",
              "timedOut": null,
              "duration": 2199,
              "state": "passed",
              "speed": "fast",
              "pass": true,
              "fail": false,
              "pending": false,
              "context": null,
              "code": "",
              "err": {},
              "uuid": "6d16f410-96e9-4093-b2c5-3036e2ec9f8e",
              "parentUUID": "545b600d-17c1-4041-99be-2241b4dd7d12",
              "isHook": false,
              "skipped": false
            },
            {
              "title": "TC_LOGIN_004 - Déconnexion",
              "fullTitle": "Module Authentification TC_LOGIN_004 - Déconnexion",
              "timedOut": null,
              "duration": 1985,
              "state": "passed",
              "speed": "fast",
              "pass": true,
              "fail": false,
              "pending": false,
              "context": null,
              "code": "",
              "err": {},
              "uuid": "a251cc31-8c77-4433-8293-e5148c480752",
              "parentUUID": "545b600d-17c1-4041-99be-2241b4dd7d12",
              "isHook": false,
              "skipped": false
            },
            {
              "title": "TC_LOGIN_005 - Connexion avec identifiants utilisateur normal",
              "fullTitle": "Module Authentification TC_LOGIN_005 - Connexion avec identifiants utilisateur normal",
              "timedOut": null,
              "duration": 1833,
              "state": "passed",
              "speed": "fast",
              "pass": true,
              "fail": false,
              "pending": false,
              "context": null,
              "code": "",
              "err": {},
              "uuid": "9bb0d5fa-b4b8-4d5f-ba37-a9c8b6d8b153",
              "parentUUID": "545b600d-17c1-4041-99be-2241b4dd7d12",
              "isHook": false,
              "skipped": false
            }
          ],
          "suites": [],
          "passes": [
            "4f0d0493-bd29-48d6-98ea-472b985b25a7",
            "4084f556-112f-41f3-8fa8-5452cadeafe6",
            "6d16f410-96e9-4093-b2c5-3036e2ec9f8e",
            "a251cc31-8c77-4433-8293-e5148c480752",
            "9bb0d5fa-b4b8-4d5f-ba37-a9c8b6d8b153"
          ],
          "failures": [],
          "pending": [],
          "skipped": [],
          "duration": 7241,
          "root": false,
          "rootEmpty": false,
          "_timeout": 2000
        },
        {
          "uuid": "735ddfc4-28ae-4d81-a60b-e5ae6bc60c7e",
          "title": "Module Gestion Stock",
          "fullFile": "",
          "file": "",
          "beforeHooks": [],
          "afterHooks": [],
          "tests": [
            {
              "title": "TC_STOCK_001 - Page stock chargée",
              "fullTitle": "Module Gestion Stock TC_STOCK_001 - Page stock chargée",
              "timedOut": null,
              "duration": 1930,
              "state": "passed",
              "speed": "fast",
              "pass": true,
              "fail": false,
              "pending": false,
              "context": null,
              "code": "",
              "err": {},
              "uuid": "f38ee042-aa9a-4d73-b0d7-8c22eb97e0fb",
              "parentUUID": "735ddfc4-28ae-4d81-a60b-e5ae6bc60c7e",
              "isHook": false,
              "skipped": false
            }
          ],
          "suites": [],
          "passes": [
            "f38ee042-aa9a-4d73-b0d7-8c22eb97e0fb"
          ],
          "failures": [],
          "pending": [],
          "skipped": [],
          "duration": 1930,
          "root": false,
          "rootEmpty": false,
          "_timeout": 2000
        }
      ],
      "passes": [],
      "failures": [],
      "pending": [],
      "skipped": [],
      "duration": 0,
      "root": true,
      "rootEmpty": true,
      "_timeout": 2000
    },
    {
      "uuid": "598cefe5-6af3-4c2b-bc3b-2e8c3779658c",
      "title": "",
      "fullFile": "cypress\\e2e\\user-crud.cy.js",
      "file": "cypress\\e2e\\user-crud.cy.js",
      "beforeHooks": [],
      "afterHooks": [],
      "tests": [],
      "suites": [
        {
          "uuid": "78c76649-f05e-4e8d-94f7-4c2e35221846",
          "title": "Module Authentification",
          "fullFile": "",
          "file": "",
          "beforeHooks": [],
          "afterHooks": [],
          "tests": [
            {
              "title": "TC_LOGIN_001 - La page de login doit se charger",
              "fullTitle": "Module Authentification TC_LOGIN_001 - La page de login doit se charger",
              "timedOut": null,
              "duration": 838,
              "state": "passed",
              "speed": "fast",
              "pass": true,
              "fail": false,
              "pending": false,
              "context": null,
              "code": "",
              "err": {},
              "uuid": "476bf971-fe81-4f4a-b640-f3678ed2aafb",
              "parentUUID": "78c76649-f05e-4e8d-94f7-4c2e35221846",
              "isHook": false,
              "skipped": false
            },
            {
              "title": "TC_LOGIN_002 - Tous les éléments doivent être présents",
              "fullTitle": "Module Authentification TC_LOGIN_002 - Tous les éléments doivent être présents",
              "timedOut": null,
              "duration": 348,
              "state": "passed",
              "speed": "fast",
              "pass": true,
              "fail": false,
              "pending": false,
              "context": null,
              "code": "",
              "err": {},
              "uuid": "9fbc97c1-36bd-4f4d-b2be-4ed47b056f94",
              "parentUUID": "78c76649-f05e-4e8d-94f7-4c2e35221846",
              "isHook": false,
              "skipped": false
            },
            {
              "title": "TC_LOGIN_003 - Connexion avec identifiants valides (admin)",
              "fullTitle": "Module Authentification TC_LOGIN_003 - Connexion avec identifiants valides (admin)",
              "timedOut": null,
              "duration": 1864,
              "state": "passed",
              "speed": "fast",
              "pass": true,
              "fail": false,
              "pending": false,
              "context": null,
              "code": "",
              "err": {},
              "uuid": "cad40363-c258-4f15-b56b-8df267b9c3a3",
              "parentUUID": "78c76649-f05e-4e8d-94f7-4c2e35221846",
              "isHook": false,
              "skipped": false
            },
            {
              "title": "TC_LOGIN_004 - Déconnexion",
              "fullTitle": "Module Authentification TC_LOGIN_004 - Déconnexion",
              "timedOut": null,
              "duration": 2194,
              "state": "passed",
              "speed": "fast",
              "pass": true,
              "fail": false,
              "pending": false,
              "context": null,
              "code": "",
              "err": {},
              "uuid": "43e38dd1-19d2-4b69-9190-5557aea2671c",
              "parentUUID": "78c76649-f05e-4e8d-94f7-4c2e35221846",
              "isHook": false,
              "skipped": false
            },
            {
              "title": "TC_LOGIN_005 - Connexion avec identifiants utilisateur normal",
              "fullTitle": "Module Authentification TC_LOGIN_005 - Connexion avec identifiants utilisateur normal",
              "timedOut": null,
              "duration": 1708,
              "state": "passed",
              "speed": "fast",
              "pass": true,
              "fail": false,
              "pending": false,
              "context": null,
              "code": "",
              "err": {},
              "uuid": "0cf415e4-0ac3-4b94-a926-432827381676",
              "parentUUID": "78c76649-f05e-4e8d-94f7-4c2e35221846",
              "isHook": false,
              "skipped": false
            }
          ],
          "suites": [],
          "passes": [
            "476bf971-fe81-4f4a-b640-f3678ed2aafb",
            "9fbc97c1-36bd-4f4d-b2be-4ed47b056f94",
            "cad40363-c258-4f15-b56b-8df267b9c3a3",
            "43e38dd1-19d2-4b69-9190-5557aea2671c",
            "0cf415e4-0ac3-4b94-a926-432827381676"
          ],
          "failures": [],
          "pending": [],
          "skipped": [],
          "duration": 6952,
          "root": false,
          "rootEmpty": false,
          "_timeout": 2000
        },
        {
          "uuid": "24fab272-376e-4f86-9bd3-e0c46487fc3a",
          "title": "Module Gestion Utilisateurs",
          "fullFile": "",
          "file": "",
          "beforeHooks": [],
          "afterHooks": [],
          "tests": [
            {
              "title": "TC_USER_001 - Créer un nouvel utilisateur",
              "fullTitle": "Module Gestion Utilisateurs TC_USER_001 - Créer un nouvel utilisateur",
              "timedOut": null,
              "duration": 3818,
              "state": "passed",
              "speed": "fast",
              "pass": true,
              "fail": false,
              "pending": false,
              "context": null,
              "code": "",
              "err": {},
              "uuid": "94002338-0a53-4d3e-8060-b8d5858377f7",
              "parentUUID": "24fab272-376e-4f86-9bd3-e0c46487fc3a",
              "isHook": false,
              "skipped": false
            },
            {
              "title": "TC_USER_002 - Rechercher un utilisateur",
              "fullTitle": "Module Gestion Utilisateurs TC_USER_002 - Rechercher un utilisateur",
              "timedOut": null,
              "duration": 2970,
              "state": "passed",
              "speed": "fast",
              "pass": true,
              "fail": false,
              "pending": false,
              "context": null,
              "code": "",
              "err": {},
              "uuid": "c772611f-cf06-440b-be97-0137881dc7af",
              "parentUUID": "24fab272-376e-4f86-9bd3-e0c46487fc3a",
              "isHook": false,
              "skipped": false
            },
            {
              "title": "TC_USER_003 - Vérifier les statistiques",
              "fullTitle": "Module Gestion Utilisateurs TC_USER_003 - Vérifier les statistiques",
              "timedOut": null,
              "duration": 2058,
              "state": "passed",
              "speed": "fast",
              "pass": true,
              "fail": false,
              "pending": false,
              "context": null,
              "code": "",
              "err": {},
              "uuid": "b7a37ee1-be05-4a84-aac1-9f5a4840ea6c",
              "parentUUID": "24fab272-376e-4f86-9bd3-e0c46487fc3a",
              "isHook": false,
              "skipped": false
            },
            {
              "title": "TC_USER_004 - Vérifier les en-têtes du tableau",
              "fullTitle": "Module Gestion Utilisateurs TC_USER_004 - Vérifier les en-têtes du tableau",
              "timedOut": null,
              "duration": 1888,
              "state": "passed",
              "speed": "fast",
              "pass": true,
              "fail": false,
              "pending": false,
              "context": null,
              "code": "",
              "err": {},
              "uuid": "74d5c1cc-806c-462f-a9cc-cffd3e22406c",
              "parentUUID": "24fab272-376e-4f86-9bd3-e0c46487fc3a",
              "isHook": false,
              "skipped": false
            },
            {
              "title": "TC_USER_005 - Vérifier que admin ne peut pas être désactivé",
              "fullTitle": "Module Gestion Utilisateurs TC_USER_005 - Vérifier que admin ne peut pas être désactivé",
              "timedOut": null,
              "duration": 1974,
              "state": "passed",
              "speed": "fast",
              "pass": true,
              "fail": false,
              "pending": false,
              "context": null,
              "code": "",
              "err": {},
              "uuid": "679c9b48-c3ad-4c6e-bebf-305680a8d65e",
              "parentUUID": "24fab272-376e-4f86-9bd3-e0c46487fc3a",
              "isHook": false,
              "skipped": false
            }
          ],
          "suites": [],
          "passes": [
            "94002338-0a53-4d3e-8060-b8d5858377f7",
            "c772611f-cf06-440b-be97-0137881dc7af",
            "b7a37ee1-be05-4a84-aac1-9f5a4840ea6c",
            "74d5c1cc-806c-462f-a9cc-cffd3e22406c",
            "679c9b48-c3ad-4c6e-bebf-305680a8d65e"
          ],
          "failures": [],
          "pending": [],
          "skipped": [],
          "duration": 12708,
          "root": false,
          "rootEmpty": false,
          "_timeout": 2000
        }
      ],
      "passes": [],
      "failures": [],
      "pending": [],
      "skipped": [],
      "duration": 0,
      "root": true,
      "rootEmpty": true,
      "_timeout": 2000
    }
  ],
  "meta": {
    "mocha": {
      "version": "7.2.0"
    },
    "mochawesome": {
      "options": {
        "quiet": false,
        "reportFilename": "rapport-[status]-[datetime]",
        "saveHtml": true,
        "saveJson": true,
        "consoleReporter": "spec",
        "useInlineDiffs": false,
        "code": false
      },
      "version": "7.1.4"
    },
    "marge": {
      "options": {
        "reportDir": "cypress/reports/mochawesome",
        "overwrite": false,
        "html": true,
        "json": true,
        "timestamp": "yyyy-mm-dd-HH-MM-ss",
        "charts": true,
        "code": false,
        "inline": true,
        "saveAll": true,
        "reportFilename": "rapport-[status]-[datetime]",
        "reportTitle": "Rapport des Tests - Smart Stock Manager",
        "reportPageTitle": "Tests Automatisés"
      },
      "version": "6.3.2"
    }
  }
}