{
  "stats": {
    "suites": 2,
    "tests": 10,
    "passes": 10,
    "pending": 0,
    "failures": 0,
    "start": "2026-03-03T07:44:20.352Z",
    "end": "2026-03-03T07:44:35.704Z",
    "duration": 15352,
    "testsRegistered": 10,
    "passPercent": 100,
    "pendingPercent": 0,
    "other": 0,
    "hasOther": false,
    "skipped": 0,
    "hasSkipped": false
  },
  "results": [
    {
      "uuid": "de9ed5e9-41d4-4704-bf35-43e20b7d3106",
      "title": "",
      "fullFile": "cypress\\e2e\\login.cy.js",
      "file": "cypress\\e2e\\login.cy.js",
      "beforeHooks": [],
      "afterHooks": [],
      "tests": [],
      "suites": [
        {
          "uuid": "da786944-57f7-4060-9b18-524160b33103",
          "title": "Module Authentification",
          "fullFile": "",
          "file": "",
          "beforeHooks": [],
          "afterHooks": [],
          "tests": [
            {
              "title": "TC_LOGIN_001 - La page de login doit se charger",
              "fullTitle": "Module Authentification TC_LOGIN_001 - La page de login doit se charger",
              "timedOut": null,
              "duration": 1330,
              "state": "passed",
              "speed": "fast",
              "pass": true,
              "fail": false,
              "pending": false,
              "context": null,
              "code": "",
              "err": {},
              "uuid": "2120c2f6-c984-482a-9f46-d47f8ec21596",
              "parentUUID": "da786944-57f7-4060-9b18-524160b33103",
              "isHook": false,
              "skipped": false
            },
            {
              "title": "TC_LOGIN_002 - Tous les éléments doivent être présents",
              "fullTitle": "Module Authentification TC_LOGIN_002 - Tous les éléments doivent être présents",
              "timedOut": null,
              "duration": 403,
              "state": "passed",
              "speed": "fast",
              "pass": true,
              "fail": false,
              "pending": false,
              "context": null,
              "code": "",
              "err": {},
              "uuid": "21cb7082-a57e-4abe-9097-da4e9fcea41b",
              "parentUUID": "da786944-57f7-4060-9b18-524160b33103",
              "isHook": false,
              "skipped": false
            },
            {
              "title": "TC_LOGIN_003 - Connexion avec identifiants valides (admin)",
              "fullTitle": "Module Authentification TC_LOGIN_003 - Connexion avec identifiants valides (admin)",
              "timedOut": null,
              "duration": 2526,
              "state": "passed",
              "speed": "fast",
              "pass": true,
              "fail": false,
              "pending": false,
              "context": null,
              "code": "",
              "err": {},
              "uuid": "824f73df-2bdc-463b-90c8-84ad3a078a02",
              "parentUUID": "da786944-57f7-4060-9b18-524160b33103",
              "isHook": false,
              "skipped": false
            },
            {
              "title": "TC_LOGIN_004 - Déconnexion",
              "fullTitle": "Module Authentification TC_LOGIN_004 - Déconnexion",
              "timedOut": null,
              "duration": 2211,
              "state": "passed",
              "speed": "fast",
              "pass": true,
              "fail": false,
              "pending": false,
              "context": null,
              "code": "",
              "err": {},
              "uuid": "8cff47bd-5e1f-45ec-9ce7-cf1fc3592546",
              "parentUUID": "da786944-57f7-4060-9b18-524160b33103",
              "isHook": false,
              "skipped": false
            },
            {
              "title": "TC_LOGIN_005 - Connexion avec identifiants utilisateur normal",
              "fullTitle": "Module Authentification TC_LOGIN_005 - Connexion avec identifiants utilisateur normal",
              "timedOut": null,
              "duration": 1761,
              "state": "passed",
              "speed": "fast",
              "pass": true,
              "fail": false,
              "pending": false,
              "context": null,
              "code": "",
              "err": {},
              "uuid": "1366ea2f-5187-401b-8505-cd2d90b40545",
              "parentUUID": "da786944-57f7-4060-9b18-524160b33103",
              "isHook": false,
              "skipped": false
            }
          ],
          "suites": [],
          "passes": [
            "2120c2f6-c984-482a-9f46-d47f8ec21596",
            "21cb7082-a57e-4abe-9097-da4e9fcea41b",
            "824f73df-2bdc-463b-90c8-84ad3a078a02",
            "8cff47bd-5e1f-45ec-9ce7-cf1fc3592546",
            "1366ea2f-5187-401b-8505-cd2d90b40545"
          ],
          "failures": [],
          "pending": [],
          "skipped": [],
          "duration": 8231,
          "root": false,
          "rootEmpty": false,
          "_timeout": 2000
        },
        {
          "uuid": "bd37e542-316f-4f56-8fd3-cdc3635bf458",
          "title": "Module Authentification",
          "fullFile": "",
          "file": "",
          "beforeHooks": [],
          "afterHooks": [],
          "tests": [
            {
              "title": "TC_LOGIN_001 - La page de login doit se charger",
              "fullTitle": "Module Authentification TC_LOGIN_001 - La page de login doit se charger",
              "timedOut": null,
              "duration": 340,
              "state": "passed",
              "speed": "fast",
              "pass": true,
              "fail": false,
              "pending": false,
              "context": null,
              "code": "",
              "err": {},
              "uuid": "f53cf5cc-b222-466a-8c71-c61332d34d8a",
              "parentUUID": "bd37e542-316f-4f56-8fd3-cdc3635bf458",
              "isHook": false,
              "skipped": false
            },
            {
              "title": "TC_LOGIN_002 - Tous les éléments doivent être présents",
              "fullTitle": "Module Authentification TC_LOGIN_002 - Tous les éléments doivent être présents",
              "timedOut": null,
              "duration": 384,
              "state": "passed",
              "speed": "fast",
              "pass": true,
              "fail": false,
              "pending": false,
              "context": null,
              "code": "",
              "err": {},
              "uuid": "c6fe0970-34be-41f3-842d-afd6bf43cd2b",
              "parentUUID": "bd37e542-316f-4f56-8fd3-cdc3635bf458",
              "isHook": false,
              "skipped": false
            },
            {
              "title": "TC_LOGIN_003 - Connexion avec identifiants valides (admin)",
              "fullTitle": "Module Authentification TC_LOGIN_003 - Connexion avec identifiants valides (admin)",
              "timedOut": null,
              "duration": 1809,
              "state": "passed",
              "speed": "fast",
              "pass": true,
              "fail": false,
              "pending": false,
              "context": null,
              "code": "",
              "err": {},
              "uuid": "5e413833-ce2f-4823-9530-3697dbd5574e",
              "parentUUID": "bd37e542-316f-4f56-8fd3-cdc3635bf458",
              "isHook": false,
              "skipped": false
            },
            {
              "title": "TC_LOGIN_004 - Déconnexion",
              "fullTitle": "Module Authentification TC_LOGIN_004 - Déconnexion",
              "timedOut": null,
              "duration": 2369,
              "state": "passed",
              "speed": "fast",
              "pass": true,
              "fail": false,
              "pending": false,
              "context": null,
              "code": "",
              "err": {},
              "uuid": "20d8d969-d94e-4289-b688-5ff4dd30158b",
              "parentUUID": "bd37e542-316f-4f56-8fd3-cdc3635bf458",
              "isHook": false,
              "skipped": false
            },
            {
              "title": "TC_LOGIN_005 - Connexion avec identifiants utilisateur normal",
              "fullTitle": "Module Authentification TC_LOGIN_005 - Connexion avec identifiants utilisateur normal",
              "timedOut": null,
              "duration": 1764,
              "state": "passed",
              "speed": "fast",
              "pass": true,
              "fail": false,
              "pending": false,
              "context": null,
              "code": "",
              "err": {},
              "uuid": "6fa44ad7-a94b-4351-a45a-1bf5a6a76b82",
              "parentUUID": "bd37e542-316f-4f56-8fd3-cdc3635bf458",
              "isHook": false,
              "skipped": false
            }
          ],
          "suites": [],
          "passes": [
            "f53cf5cc-b222-466a-8c71-c61332d34d8a",
            "c6fe0970-34be-41f3-842d-afd6bf43cd2b",
            "5e413833-ce2f-4823-9530-3697dbd5574e",
            "20d8d969-d94e-4289-b688-5ff4dd30158b",
            "6fa44ad7-a94b-4351-a45a-1bf5a6a76b82"
          ],
          "failures": [],
          "pending": [],
          "skipped": [],
          "duration": 6666,
          "root": false,
          "rootEmpty": false,
          "_timeout": 2000
        }
      ],
      "passes": [],
      "failures": [],
      "pending": [],
      "skipped": [],
      "duration": 0,
      "root": true,
      "rootEmpty": true,
      "_timeout": 2000
    }
  ],
  "meta": {
    "mocha": {
      "version": "7.2.0"
    },
    "mochawesome": {
      "options": {
        "quiet": false,
        "reportFilename": "rapport-[status]-[datetime]",
        "saveHtml": true,
        "saveJson": true,
        "consoleReporter": "spec",
        "useInlineDiffs": false,
        "code": false
      },
      "version": "7.1.4"
    },
    "marge": {
      "options": {
        "reportDir": "cypress/reports/mochawesome",
        "overwrite": false,
        "html": true,
        "json": true,
        "timestamp": "yyyy-mm-dd-HH-MM-ss",
        "charts": true,
        "code": false,
        "inline": true,
        "saveAll": true,
        "reportFilename": "rapport-[status]-[datetime]",
        "reportTitle": "Rapport des Tests - Smart Stock Manager",
        "reportPageTitle": "Tests Automatisés"
      },
      "version": "6.3.2"
    }
  }
}