{
  "stats": {
    "suites": 2,
    "tests": 10,
    "passes": 10,
    "pending": 0,
    "failures": 0,
    "start": "2026-03-03T07:45:12.976Z",
    "end": "2026-03-03T07:45:33.139Z",
    "duration": 20163,
    "testsRegistered": 10,
    "passPercent": 100,
    "pendingPercent": 0,
    "other": 0,
    "hasOther": false,
    "skipped": 0,
    "hasSkipped": false
  },
  "results": [
    {
      "uuid": "598cefe5-6af3-4c2b-bc3b-2e8c3779658c",
      "title": "",
      "fullFile": "cypress\\e2e\\user-crud.cy.js",
      "file": "cypress\\e2e\\user-crud.cy.js",
      "beforeHooks": [],
      "afterHooks": [],
      "tests": [],
      "suites": [
        {
          "uuid": "78c76649-f05e-4e8d-94f7-4c2e35221846",
          "title": "Module Authentification",
          "fullFile": "",
          "file": "",
          "beforeHooks": [],
          "afterHooks": [],
          "tests": [
            {
              "title": "TC_LOGIN_001 - La page de login doit se charger",
              "fullTitle": "Module Authentification TC_LOGIN_001 - La page de login doit se charger",
              "timedOut": null,
              "duration": 838,
              "state": "passed",
              "speed": "fast",
              "pass": true,
              "fail": false,
              "pending": false,
              "context": null,
              "code": "",
              "err": {},
              "uuid": "476bf971-fe81-4f4a-b640-f3678ed2aafb",
              "parentUUID": "78c76649-f05e-4e8d-94f7-4c2e35221846",
              "isHook": false,
              "skipped": false
            },
            {
              "title": "TC_LOGIN_002 - Tous les éléments doivent être présents",
              "fullTitle": "Module Authentification TC_LOGIN_002 - Tous les éléments doivent être présents",
              "timedOut": null,
              "duration": 348,
              "state": "passed",
              "speed": "fast",
              "pass": true,
              "fail": false,
              "pending": false,
              "context": null,
              "code": "",
              "err": {},
              "uuid": "9fbc97c1-36bd-4f4d-b2be-4ed47b056f94",
              "parentUUID": "78c76649-f05e-4e8d-94f7-4c2e35221846",
              "isHook": false,
              "skipped": false
            },
            {
              "title": "TC_LOGIN_003 - Connexion avec identifiants valides (admin)",
              "fullTitle": "Module Authentification TC_LOGIN_003 - Connexion avec identifiants valides (admin)",
              "timedOut": null,
              "duration": 1864,
              "state": "passed",
              "speed": "fast",
              "pass": true,
              "fail": false,
              "pending": false,
              "context": null,
              "code": "",
              "err": {},
              "uuid": "cad40363-c258-4f15-b56b-8df267b9c3a3",
              "parentUUID": "78c76649-f05e-4e8d-94f7-4c2e35221846",
              "isHook": false,
              "skipped": false
            },
            {
              "title": "TC_LOGIN_004 - Déconnexion",
              "fullTitle": "Module Authentification TC_LOGIN_004 - Déconnexion",
              "timedOut": null,
              "duration": 2194,
              "state": "passed",
              "speed": "fast",
              "pass": true,
              "fail": false,
              "pending": false,
              "context": null,
              "code": "",
              "err": {},
              "uuid": "43e38dd1-19d2-4b69-9190-5557aea2671c",
              "parentUUID": "78c76649-f05e-4e8d-94f7-4c2e35221846",
              "isHook": false,
              "skipped": false
            },
            {
              "title": "TC_LOGIN_005 - Connexion avec identifiants utilisateur normal",
              "fullTitle": "Module Authentification TC_LOGIN_005 - Connexion avec identifiants utilisateur normal",
              "timedOut": null,
              "duration": 1708,
              "state": "passed",
              "speed": "fast",
              "pass": true,
              "fail": false,
              "pending": false,
              "context": null,
              "code": "",
              "err": {},
              "uuid": "0cf415e4-0ac3-4b94-a926-432827381676",
              "parentUUID": "78c76649-f05e-4e8d-94f7-4c2e35221846",
              "isHook": false,
              "skipped": false
            }
          ],
          "suites": [],
          "passes": [
            "476bf971-fe81-4f4a-b640-f3678ed2aafb",
            "9fbc97c1-36bd-4f4d-b2be-4ed47b056f94",
            "cad40363-c258-4f15-b56b-8df267b9c3a3",
            "43e38dd1-19d2-4b69-9190-5557aea2671c",
            "0cf415e4-0ac3-4b94-a926-432827381676"
          ],
          "failures": [],
          "pending": [],
          "skipped": [],
          "duration": 6952,
          "root": false,
          "rootEmpty": false,
          "_timeout": 2000
        },
        {
          "uuid": "24fab272-376e-4f86-9bd3-e0c46487fc3a",
          "title": "Module Gestion Utilisateurs",
          "fullFile": "",
          "file": "",
          "beforeHooks": [],
          "afterHooks": [],
          "tests": [
            {
              "title": "TC_USER_001 - Créer un nouvel utilisateur",
              "fullTitle": "Module Gestion Utilisateurs TC_USER_001 - Créer un nouvel utilisateur",
              "timedOut": null,
              "duration": 3818,
              "state": "passed",
              "speed": "fast",
              "pass": true,
              "fail": false,
              "pending": false,
              "context": null,
              "code": "",
              "err": {},
              "uuid": "94002338-0a53-4d3e-8060-b8d5858377f7",
              "parentUUID": "24fab272-376e-4f86-9bd3-e0c46487fc3a",
              "isHook": false,
              "skipped": false
            },
            {
              "title": "TC_USER_002 - Rechercher un utilisateur",
              "fullTitle": "Module Gestion Utilisateurs TC_USER_002 - Rechercher un utilisateur",
              "timedOut": null,
              "duration": 2970,
              "state": "passed",
              "speed": "fast",
              "pass": true,
              "fail": false,
              "pending": false,
              "context": null,
              "code": "",
              "err": {},
              "uuid": "c772611f-cf06-440b-be97-0137881dc7af",
              "parentUUID": "24fab272-376e-4f86-9bd3-e0c46487fc3a",
              "isHook": false,
              "skipped": false
            },
            {
              "title": "TC_USER_003 - Vérifier les statistiques",
              "fullTitle": "Module Gestion Utilisateurs TC_USER_003 - Vérifier les statistiques",
              "timedOut": null,
              "duration": 2058,
              "state": "passed",
              "speed": "fast",
              "pass": true,
              "fail": false,
              "pending": false,
              "context": null,
              "code": "",
              "err": {},
              "uuid": "b7a37ee1-be05-4a84-aac1-9f5a4840ea6c",
              "parentUUID": "24fab272-376e-4f86-9bd3-e0c46487fc3a",
              "isHook": false,
              "skipped": false
            },
            {
              "title": "TC_USER_004 - Vérifier les en-têtes du tableau",
              "fullTitle": "Module Gestion Utilisateurs TC_USER_004 - Vérifier les en-têtes du tableau",
              "timedOut": null,
              "duration": 1888,
              "state": "passed",
              "speed": "fast",
              "pass": true,
              "fail": false,
              "pending": false,
              "context": null,
              "code": "",
              "err": {},
              "uuid": "74d5c1cc-806c-462f-a9cc-cffd3e22406c",
              "parentUUID": "24fab272-376e-4f86-9bd3-e0c46487fc3a",
              "isHook": false,
              "skipped": false
            },
            {
              "title": "TC_USER_005 - Vérifier que admin ne peut pas être désactivé",
              "fullTitle": "Module Gestion Utilisateurs TC_USER_005 - Vérifier que admin ne peut pas être désactivé",
              "timedOut": null,
              "duration": 1974,
              "state": "passed",
              "speed": "fast",
              "pass": true,
              "fail": false,
              "pending": false,
              "context": null,
              "code": "",
              "err": {},
              "uuid": "679c9b48-c3ad-4c6e-bebf-305680a8d65e",
              "parentUUID": "24fab272-376e-4f86-9bd3-e0c46487fc3a",
              "isHook": false,
              "skipped": false
            }
          ],
          "suites": [],
          "passes": [
            "94002338-0a53-4d3e-8060-b8d5858377f7",
            "c772611f-cf06-440b-be97-0137881dc7af",
            "b7a37ee1-be05-4a84-aac1-9f5a4840ea6c",
            "74d5c1cc-806c-462f-a9cc-cffd3e22406c",
            "679c9b48-c3ad-4c6e-bebf-305680a8d65e"
          ],
          "failures": [],
          "pending": [],
          "skipped": [],
          "duration": 12708,
          "root": false,
          "rootEmpty": false,
          "_timeout": 2000
        }
      ],
      "passes": [],
      "failures": [],
      "pending": [],
      "skipped": [],
      "duration": 0,
      "root": true,
      "rootEmpty": true,
      "_timeout": 2000
    }
  ],
  "meta": {
    "mocha": {
      "version": "7.2.0"
    },
    "mochawesome": {
      "options": {
        "quiet": false,
        "reportFilename": "rapport-[status]-[datetime]",
        "saveHtml": true,
        "saveJson": true,
        "consoleReporter": "spec",
        "useInlineDiffs": false,
        "code": false
      },
      "version": "7.1.4"
    },
    "marge": {
      "options": {
        "reportDir": "cypress/reports/mochawesome",
        "overwrite": false,
        "html": true,
        "json": true,
        "timestamp": "yyyy-mm-dd-HH-MM-ss",
        "charts": true,
        "code": false,
        "inline": true,
        "saveAll": true,
        "reportFilename": "rapport-[status]-[datetime]",
        "reportTitle": "Rapport des Tests - Smart Stock Manager",
        "reportPageTitle": "Tests Automatisés"
      },
      "version": "6.3.2"
    }
  }
}